10085485 INFO [main] i.g.o.m.StrategyTwoPhasesHeuristic TwoPhHeuristic
Exception in thread "main" io.github.oliviercailloux.jlp.solve.SolverException
	at io.github.oliviercailloux.jlp.or_tools.OrToolsSolver.transformResultStatus(OrToolsSolver.java:208)
	at io.github.oliviercailloux.jlp.or_tools.OrToolsSolver.solve(OrToolsSolver.java:103)
	at io.github.oliviercailloux.minimax.elicitation.ConstraintsOnWeights.optimize(ConstraintsOnWeights.java:228)
	at io.github.oliviercailloux.minimax.elicitation.ConstraintsOnWeights.maximize(ConstraintsOnWeights.java:192)
	at io.github.oliviercailloux.minimax.regret.RegretComputer.getPmr(RegretComputer.java:72)
	at io.github.oliviercailloux.minimax.regret.RegretComputer.lambda$0(RegretComputer.java:44)
	at java.base/java.util.stream.ReferencePipeline$3$1.accept(ReferencePipeline.java:195)
	at java.base/java.util.Spliterators$ArraySpliterator.forEachRemaining(Spliterators.java:948)
	at java.base/java.util.stream.AbstractPipeline.copyInto(AbstractPipeline.java:484)
	at java.base/java.util.stream.AbstractPipeline.wrapAndCopyInto(AbstractPipeline.java:474)
	at java.base/java.util.stream.ReduceOps$ReduceOp.evaluateSequential(ReduceOps.java:913)
	at java.base/java.util.stream.AbstractPipeline.evaluate(AbstractPipeline.java:234)
	at java.base/java.util.stream.ReferencePipeline.collect(ReferencePipeline.java:578)
	at io.github.oliviercailloux.minimax.regret.RegretComputer.getPairwiseMaxRegrets(RegretComputer.java:44)
	at com.google.common.collect.CollectCollectors.lambda$toImmutableMap$1(CollectCollectors.java:61)
	at java.base/java.util.stream.ReduceOps$3ReducingSink.accept(ReduceOps.java:169)
	at java.base/java.util.Spliterators$ArraySpliterator.forEachRemaining(Spliterators.java:948)
	at java.base/java.util.stream.AbstractPipeline.copyInto(AbstractPipeline.java:484)
	at java.base/java.util.stream.AbstractPipeline.wrapAndCopyInto(AbstractPipeline.java:474)
	at java.base/java.util.stream.ReduceOps$ReduceOp.evaluateSequential(ReduceOps.java:913)
	at java.base/java.util.stream.AbstractPipeline.evaluate(AbstractPipeline.java:234)
	at java.base/java.util.stream.ReferencePipeline.collect(ReferencePipeline.java:578)
	at io.github.oliviercailloux.minimax.regret.RegretComputer.getAllPairwiseMaxRegrets(RegretComputer.java:52)
	at io.github.oliviercailloux.minimax.regret.RegretComputer.getMinimalMaxRegrets(RegretComputer.java:34)
	at io.github.oliviercailloux.minimax.StrategyTwoPhasesHeuristic.nextQuestion(StrategyTwoPhasesHeuristic.java:107)
	at io.github.oliviercailloux.experiment.Runner.run(Runner.java:201)
	at io.github.oliviercailloux.experiment.Runner.runRepeatedly(Runner.java:148)
	at io.github.oliviercailloux.experiment.Runner.runXP(Runner.java:108)
	at io.github.oliviercailloux.experiment.Runner.main(Runner.java:92)

